<?xml version="1.0" encoding="UTF-8"?>
<testng-results ignored="0" total="4" passed="4" failed="0" skipped="0">
  <reporter-output>
  </reporter-output>
  <suite started-at="2021-03-13T13:44:18Z" name="Parallel" finished-at="2021-03-13T13:47:19Z" duration-ms="181318">
    <groups>
    </groups>
    <test started-at="2021-03-13T13:44:18Z" name="SingleTestIE" finished-at="2021-03-13T13:45:36Z" duration-ms="78163">
      <class name="com.flipkart.qa.tests.ProductPageTest">
        <test-method is-config="true" signature="setUp(java.lang.String, java.lang.String)[pri:0, instance:com.flipkart.qa.tests.ProductPageTest@1623b78d]" started-at="2021-03-13T13:44:18Z" name="setUp" finished-at="2021-03-13T13:44:27Z" duration-ms="8806" status="PASS">
          <params>
            <param index="0">
              <value>
                <![CDATA[single.conf.json]]>
              </value>
            </param>
            <param index="1">
              <value>
                <![CDATA[ie]]>
              </value>
            </param>
          </params>
          <reporter-output>
          </reporter-output>
        </test-method> <!-- setUp -->
        <test-method is-config="true" signature="setUp()[pri:0, instance:com.flipkart.qa.tests.ProductPageTest@1623b78d]" started-at="2021-03-13T13:44:27Z" name="setUp" finished-at="2021-03-13T13:44:33Z" duration-ms="6478" status="PASS">
          <reporter-output>
          </reporter-output>
        </test-method> <!-- setUp -->
        <test-method signature="productPageValidation()[pri:0, instance:com.flipkart.qa.tests.ProductPageTest@1623b78d]" started-at="2021-03-13T13:44:33Z" name="productPageValidation" finished-at="2021-03-13T13:45:35Z" duration-ms="61451" status="PASS">
          <reporter-output>
          </reporter-output>
        </test-method> <!-- productPageValidation -->
        <test-method is-config="true" signature="tearDown()[pri:0, instance:com.flipkart.qa.tests.ProductPageTest@1623b78d]" started-at="2021-03-13T13:45:35Z" name="tearDown" finished-at="2021-03-13T13:45:36Z" duration-ms="1396" status="PASS">
          <reporter-output>
          </reporter-output>
        </test-method> <!-- tearDown -->
      </class> <!-- com.flipkart.qa.tests.ProductPageTest -->
    </test> <!-- SingleTestIE -->
    <test started-at="2021-03-13T13:44:18Z" name="SingleTestFirefox" finished-at="2021-03-13T13:46:20Z" duration-ms="121857">
      <class name="com.flipkart.qa.tests.ProductPageTest">
        <test-method is-config="true" signature="setUp(java.lang.String, java.lang.String)[pri:0, instance:com.flipkart.qa.tests.ProductPageTest@1d2adfbe]" started-at="2021-03-13T13:44:18Z" name="setUp" finished-at="2021-03-13T13:45:55Z" duration-ms="96519" status="PASS">
          <params>
            <param index="0">
              <value>
                <![CDATA[single.conf.json]]>
              </value>
            </param>
            <param index="1">
              <value>
                <![CDATA[firefox]]>
              </value>
            </param>
          </params>
          <reporter-output>
          </reporter-output>
        </test-method> <!-- setUp -->
        <test-method is-config="true" signature="setUp()[pri:0, instance:com.flipkart.qa.tests.ProductPageTest@1d2adfbe]" started-at="2021-03-13T13:45:55Z" name="setUp" finished-at="2021-03-13T13:45:56Z" duration-ms="1496" status="PASS">
          <reporter-output>
          </reporter-output>
        </test-method> <!-- setUp -->
        <test-method signature="productPageValidation()[pri:0, instance:com.flipkart.qa.tests.ProductPageTest@1d2adfbe]" started-at="2021-03-13T13:45:56Z" name="productPageValidation" finished-at="2021-03-13T13:46:19Z" duration-ms="22530" status="PASS">
          <reporter-output>
          </reporter-output>
        </test-method> <!-- productPageValidation -->
        <test-method is-config="true" signature="tearDown()[pri:0, instance:com.flipkart.qa.tests.ProductPageTest@1d2adfbe]" started-at="2021-03-13T13:46:19Z" name="tearDown" finished-at="2021-03-13T13:46:20Z" duration-ms="1284" status="PASS">
          <reporter-output>
          </reporter-output>
        </test-method> <!-- tearDown -->
      </class> <!-- com.flipkart.qa.tests.ProductPageTest -->
    </test> <!-- SingleTestFirefox -->
    <test started-at="2021-03-13T13:44:18Z" name="SingleTestChrome" finished-at="2021-03-13T13:46:51Z" duration-ms="153331">
      <class name="com.flipkart.qa.tests.ProductPageTest">
        <test-method is-config="true" signature="setUp(java.lang.String, java.lang.String)[pri:0, instance:com.flipkart.qa.tests.ProductPageTest@4466af20]" started-at="2021-03-13T13:44:18Z" name="setUp" finished-at="2021-03-13T13:46:29Z" duration-ms="130874" status="PASS">
          <params>
            <param index="0">
              <value>
                <![CDATA[single.conf.json]]>
              </value>
            </param>
            <param index="1">
              <value>
                <![CDATA[chrome]]>
              </value>
            </param>
          </params>
          <reporter-output>
          </reporter-output>
        </test-method> <!-- setUp -->
        <test-method is-config="true" signature="setUp()[pri:0, instance:com.flipkart.qa.tests.ProductPageTest@4466af20]" started-at="2021-03-13T13:46:29Z" name="setUp" finished-at="2021-03-13T13:46:30Z" duration-ms="1124" status="PASS">
          <reporter-output>
          </reporter-output>
        </test-method> <!-- setUp -->
        <test-method signature="productPageValidation()[pri:0, instance:com.flipkart.qa.tests.ProductPageTest@4466af20]" started-at="2021-03-13T13:46:30Z" name="productPageValidation" finished-at="2021-03-13T13:46:50Z" duration-ms="19862" status="PASS">
          <reporter-output>
          </reporter-output>
        </test-method> <!-- productPageValidation -->
        <test-method is-config="true" signature="tearDown()[pri:0, instance:com.flipkart.qa.tests.ProductPageTest@4466af20]" started-at="2021-03-13T13:46:50Z" name="tearDown" finished-at="2021-03-13T13:46:51Z" duration-ms="1442" status="PASS">
          <reporter-output>
          </reporter-output>
        </test-method> <!-- tearDown -->
      </class> <!-- com.flipkart.qa.tests.ProductPageTest -->
    </test> <!-- SingleTestChrome -->
    <test started-at="2021-03-13T13:44:18Z" name="SingleTestSafari" finished-at="2021-03-13T13:47:19Z" duration-ms="181318">
      <class name="com.flipkart.qa.tests.ProductPageTest">
        <test-method is-config="true" signature="setUp(java.lang.String, java.lang.String)[pri:0, instance:com.flipkart.qa.tests.ProductPageTest@131774fe]" started-at="2021-03-13T13:44:18Z" name="setUp" finished-at="2021-03-13T13:47:00Z" duration-ms="161492" status="PASS">
          <params>
            <param index="0">
              <value>
                <![CDATA[single.conf.json]]>
              </value>
            </param>
            <param index="1">
              <value>
                <![CDATA[safari]]>
              </value>
            </param>
          </params>
          <reporter-output>
          </reporter-output>
        </test-method> <!-- setUp -->
        <test-method is-config="true" signature="setUp()[pri:0, instance:com.flipkart.qa.tests.ProductPageTest@131774fe]" started-at="2021-03-13T13:47:00Z" name="setUp" finished-at="2021-03-13T13:47:00Z" duration-ms="478" status="PASS">
          <reporter-output>
          </reporter-output>
        </test-method> <!-- setUp -->
        <test-method signature="productPageValidation()[pri:0, instance:com.flipkart.qa.tests.ProductPageTest@131774fe]" started-at="2021-03-13T13:47:00Z" name="productPageValidation" finished-at="2021-03-13T13:47:18Z" duration-ms="17618" status="PASS">
          <reporter-output>
          </reporter-output>
        </test-method> <!-- productPageValidation -->
        <test-method is-config="true" signature="tearDown()[pri:0, instance:com.flipkart.qa.tests.ProductPageTest@131774fe]" started-at="2021-03-13T13:47:18Z" name="tearDown" finished-at="2021-03-13T13:47:19Z" duration-ms="1702" status="PASS">
          <reporter-output>
          </reporter-output>
        </test-method> <!-- tearDown -->
      </class> <!-- com.flipkart.qa.tests.ProductPageTest -->
    </test> <!-- SingleTestSafari -->
  </suite> <!-- Parallel -->
</testng-results>
