<?xml version="1.0" encoding="UTF-8"?>
<testng-results ignored="0" total="1" passed="1" failed="0" skipped="0">
  <reporter-output>
  </reporter-output>
  <suite started-at="2021-03-14T07:17:31Z" name="Parallel" finished-at="2021-03-14T07:18:18Z" duration-ms="46669">
    <groups>
    </groups>
    <test started-at="2021-03-14T07:17:31Z" name="SingleTestChrome" finished-at="2021-03-14T07:18:18Z" duration-ms="46669">
      <class name="com.flipkart.qa.tests.ProductPageTest">
        <test-method is-config="true" signature="setUp(java.lang.String, java.lang.String)[pri:0, instance:com.flipkart.qa.tests.ProductPageTest@4466af20]" started-at="2021-03-14T07:17:31Z" name="setUp" finished-at="2021-03-14T07:17:45Z" duration-ms="13642" status="PASS">
          <params>
            <param index="0">
              <value>
                <![CDATA[single.conf.json]]>
              </value>
            </param>
            <param index="1">
              <value>
                <![CDATA[chrome]]>
              </value>
            </param>
          </params>
          <reporter-output>
          </reporter-output>
        </test-method> <!-- setUp -->
        <test-method is-config="true" signature="setUp()[pri:0, instance:com.flipkart.qa.tests.ProductPageTest@4466af20]" started-at="2021-03-14T07:17:45Z" name="setUp" finished-at="2021-03-14T07:17:48Z" duration-ms="2880" status="PASS">
          <reporter-output>
          </reporter-output>
        </test-method> <!-- setUp -->
        <test-method signature="productPageValidation()[pri:0, instance:com.flipkart.qa.tests.ProductPageTest@4466af20]" started-at="2021-03-14T07:17:48Z" name="productPageValidation" finished-at="2021-03-14T07:18:16Z" duration-ms="28524" status="PASS">
          <reporter-output>
          </reporter-output>
        </test-method> <!-- productPageValidation -->
        <test-method is-config="true" signature="tearDown()[pri:0, instance:com.flipkart.qa.tests.ProductPageTest@4466af20]" started-at="2021-03-14T07:18:16Z" name="tearDown" finished-at="2021-03-14T07:18:18Z" duration-ms="1598" status="PASS">
          <reporter-output>
          </reporter-output>
        </test-method> <!-- tearDown -->
      </class> <!-- com.flipkart.qa.tests.ProductPageTest -->
    </test> <!-- SingleTestChrome -->
  </suite> <!-- Parallel -->
</testng-results>
